[2023-04-27 22:07:49:440][main] INFO  z.weather.WeatherApplication - Starting WeatherApplication using Java 18.0.2.1 with PID 26356 (C:\Users\tkddb\Desktop\Coding\Backend\proj5\weather\bin\main started by tkddb in C:\Users\tkddb\Desktop\Coding\Backend\proj5\weather)
[2023-04-27 22:07:49:442][main] INFO  z.weather.WeatherApplication - No active profile set, falling back to 1 default profile: "default"
[2023-04-27 22:07:49:827][main] INFO  o.s.d.r.c.RepositoryConfigurationDelegate - Bootstrapping Spring Data JPA repositories in DEFAULT mode.
[2023-04-27 22:07:49:870][main] INFO  o.s.d.r.c.RepositoryConfigurationDelegate - Finished Spring Data repository scanning in 38 ms. Found 3 JPA repository interfaces.
[2023-04-27 22:07:49:1202][main] INFO  o.s.b.w.e.tomcat.TomcatWebServer - Tomcat initialized with port(s): 8080 (http)
[2023-04-27 22:07:49:1208][main] INFO  o.a.coyote.http11.Http11NioProtocol - Initializing ProtocolHandler ["http-nio-8080"]
[2023-04-27 22:07:49:1209][main] INFO  o.a.catalina.core.StandardService - Starting service [Tomcat]
[2023-04-27 22:07:49:1209][main] INFO  o.a.catalina.core.StandardEngine - Starting Servlet engine: [Apache Tomcat/10.1.8]
[2023-04-27 22:07:49:1290][main] INFO  o.a.c.c.C.[Tomcat].[localhost].[/] - Initializing Spring embedded WebApplicationContext
[2023-04-27 22:07:49:1290][main] INFO  o.s.b.w.s.c.ServletWebServerApplicationContext - Root WebApplicationContext: initialization completed in 817 ms
[2023-04-27 22:07:50:1381][main] INFO  com.zaxxer.hikari.HikariDataSource - HikariPool-1 - Starting...
[2023-04-27 22:07:50:1415][main] INFO  com.zaxxer.hikari.pool.HikariPool - HikariPool-1 - Added connection org.mariadb.jdbc.MariaDbConnection@5ff6dd3c
[2023-04-27 22:07:50:1417][main] INFO  com.zaxxer.hikari.HikariDataSource - HikariPool-1 - Start completed.
[2023-04-27 22:07:50:1449][main] INFO  o.h.jpa.internal.util.LogHelper - HHH000204: Processing PersistenceUnitInfo [name: default]
[2023-04-27 22:07:50:1490][main] INFO  org.hibernate.Version - HHH000412: Hibernate ORM core version 6.1.7.Final
[2023-04-27 22:07:50:1711][main] INFO  SQL dialect - HHH000400: Using dialect: org.hibernate.dialect.MySQL57Dialect
[2023-04-27 22:07:50:1712][main] WARN  org.hibernate.orm.deprecation - HHH90000026: MySQL57Dialect has been deprecated; use org.hibernate.dialect.MySQLDialect instead
[2023-04-27 22:07:50:2213][main] INFO  o.h.e.t.j.p.i.JtaPlatformInitiator - HHH000490: Using JtaPlatform implementation: [org.hibernate.engine.transaction.jta.platform.internal.NoJtaPlatform]
[2023-04-27 22:07:50:2222][main] INFO  o.s.o.j.LocalContainerEntityManagerFactoryBean - Initialized JPA EntityManagerFactory for persistence unit 'default'
[2023-04-27 22:07:51:2377][main] WARN  o.s.c.LocalVariableTableParameterNameDiscoverer - Using deprecated '-debug' fallback for parameter name resolution. Compile the affected code with '-parameters' instead or avoid its introspection: zerobase.weather.repository.DiaryRepository
[2023-04-27 22:07:51:2436][main] WARN  o.s.c.LocalVariableTableParameterNameDiscoverer - Using deprecated '-debug' fallback for parameter name resolution. Compile the affected code with '-parameters' instead or avoid its introspection: zerobase.weather.repository.DateWeatherRepository
[2023-04-27 22:07:51:2482][main] WARN  o.s.b.a.o.j.JpaBaseConfiguration$JpaWebConfiguration - spring.jpa.open-in-view is enabled by default. Therefore, database queries may be performed during view rendering. Explicitly configure spring.jpa.open-in-view to disable this warning
[2023-04-27 22:07:51:2690][main] INFO  o.a.coyote.http11.Http11NioProtocol - Starting ProtocolHandler ["http-nio-8080"]
[2023-04-27 22:07:51:2713][main] INFO  o.s.b.w.e.tomcat.TomcatWebServer - Tomcat started on port(s): 8080 (http) with context path ''
[2023-04-27 22:07:51:2721][main] INFO  z.weather.WeatherApplication - Started WeatherApplication in 2.629 seconds (process running for 3.128)
[2023-04-27 22:11:22:213940][RMI TCP Connection(13)-127.0.0.1] INFO  o.s.b.a.SpringApplicationAdminMXBeanRegistrar$SpringApplicationAdmin - Application shutdown requested.
[2023-04-27 22:11:22:213959][RMI TCP Connection(13)-127.0.0.1] INFO  o.a.coyote.http11.Http11NioProtocol - Pausing ProtocolHandler ["http-nio-8080"]
[2023-04-27 22:11:22:213960][RMI TCP Connection(13)-127.0.0.1] INFO  o.a.catalina.core.StandardService - Stopping service [Tomcat]
[2023-04-27 22:11:22:213963][RMI TCP Connection(13)-127.0.0.1] INFO  o.a.coyote.http11.Http11NioProtocol - Stopping ProtocolHandler ["http-nio-8080"]
[2023-04-27 22:11:22:213965][RMI TCP Connection(13)-127.0.0.1] INFO  o.a.coyote.http11.Http11NioProtocol - Destroying ProtocolHandler ["http-nio-8080"]
[2023-04-27 22:11:22:213966][RMI TCP Connection(13)-127.0.0.1] INFO  o.s.o.j.LocalContainerEntityManagerFactoryBean - Closing JPA EntityManagerFactory for persistence unit 'default'
[2023-04-27 22:11:22:213968][RMI TCP Connection(13)-127.0.0.1] INFO  com.zaxxer.hikari.HikariDataSource - HikariPool-1 - Shutdown initiated...
[2023-04-27 22:11:22:213970][RMI TCP Connection(13)-127.0.0.1] INFO  com.zaxxer.hikari.HikariDataSource - HikariPool-1 - Shutdown completed.
[2023-04-27 22:11:25:465][main] INFO  z.weather.WeatherApplication - Starting WeatherApplication using Java 18.0.2.1 with PID 27880 (C:\Users\tkddb\Desktop\Coding\Backend\proj5\weather\bin\main started by tkddb in C:\Users\tkddb\Desktop\Coding\Backend\proj5\weather)
[2023-04-27 22:11:25:467][main] INFO  z.weather.WeatherApplication - No active profile set, falling back to 1 default profile: "default"
[2023-04-27 22:11:25:877][main] INFO  o.s.d.r.c.RepositoryConfigurationDelegate - Bootstrapping Spring Data JPA repositories in DEFAULT mode.
[2023-04-27 22:11:25:922][main] INFO  o.s.d.r.c.RepositoryConfigurationDelegate - Finished Spring Data repository scanning in 39 ms. Found 3 JPA repository interfaces.
[2023-04-27 22:11:26:1268][main] INFO  o.s.b.w.e.tomcat.TomcatWebServer - Tomcat initialized with port(s): 8080 (http)
[2023-04-27 22:11:26:1275][main] INFO  o.a.coyote.http11.Http11NioProtocol - Initializing ProtocolHandler ["http-nio-8080"]
[2023-04-27 22:11:26:1275][main] INFO  o.a.catalina.core.StandardService - Starting service [Tomcat]
[2023-04-27 22:11:26:1275][main] INFO  o.a.catalina.core.StandardEngine - Starting Servlet engine: [Apache Tomcat/10.1.8]
[2023-04-27 22:11:26:1357][main] INFO  o.a.c.c.C.[Tomcat].[localhost].[/] - Initializing Spring embedded WebApplicationContext
[2023-04-27 22:11:26:1357][main] INFO  o.s.b.w.s.c.ServletWebServerApplicationContext - Root WebApplicationContext: initialization completed in 856 ms
[2023-04-27 22:11:26:1451][main] INFO  com.zaxxer.hikari.HikariDataSource - HikariPool-1 - Starting...
[2023-04-27 22:11:26:1487][main] INFO  com.zaxxer.hikari.pool.HikariPool - HikariPool-1 - Added connection org.mariadb.jdbc.MariaDbConnection@42507640
[2023-04-27 22:11:26:1488][main] INFO  com.zaxxer.hikari.HikariDataSource - HikariPool-1 - Start completed.
[2023-04-27 22:11:26:1521][main] INFO  o.h.jpa.internal.util.LogHelper - HHH000204: Processing PersistenceUnitInfo [name: default]
[2023-04-27 22:11:26:1559][main] INFO  org.hibernate.Version - HHH000412: Hibernate ORM core version 6.1.7.Final
[2023-04-27 22:11:26:1788][main] INFO  SQL dialect - HHH000400: Using dialect: org.hibernate.dialect.MySQL57Dialect
[2023-04-27 22:11:26:1789][main] WARN  org.hibernate.orm.deprecation - HHH90000026: MySQL57Dialect has been deprecated; use org.hibernate.dialect.MySQLDialect instead
[2023-04-27 22:11:27:2308][main] INFO  o.h.e.t.j.p.i.JtaPlatformInitiator - HHH000490: Using JtaPlatform implementation: [org.hibernate.engine.transaction.jta.platform.internal.NoJtaPlatform]
[2023-04-27 22:11:27:2316][main] INFO  o.s.o.j.LocalContainerEntityManagerFactoryBean - Initialized JPA EntityManagerFactory for persistence unit 'default'
[2023-04-27 22:11:27:2475][main] WARN  o.s.c.LocalVariableTableParameterNameDiscoverer - Using deprecated '-debug' fallback for parameter name resolution. Compile the affected code with '-parameters' instead or avoid its introspection: zerobase.weather.repository.DiaryRepository
[2023-04-27 22:11:27:2538][main] WARN  o.s.c.LocalVariableTableParameterNameDiscoverer - Using deprecated '-debug' fallback for parameter name resolution. Compile the affected code with '-parameters' instead or avoid its introspection: zerobase.weather.repository.DateWeatherRepository
[2023-04-27 22:11:27:2592][main] WARN  o.s.b.a.o.j.JpaBaseConfiguration$JpaWebConfiguration - spring.jpa.open-in-view is enabled by default. Therefore, database queries may be performed during view rendering. Explicitly configure spring.jpa.open-in-view to disable this warning
[2023-04-27 22:11:27:2804][main] INFO  o.a.coyote.http11.Http11NioProtocol - Starting ProtocolHandler ["http-nio-8080"]
[2023-04-27 22:11:27:2825][main] INFO  o.s.b.w.e.tomcat.TomcatWebServer - Tomcat started on port(s): 8080 (http) with context path ''
[2023-04-27 22:11:27:2834][main] INFO  z.weather.WeatherApplication - Started WeatherApplication in 2.732 seconds (process running for 3.251)
